|SourceProjectName:Visual Novel Maker.hpr
|DestinationProjectName:index.htm
index_hha.hhk
index.hhc
index.hhk
Adding_Chapters_and_Scenes.htm
Adding_Characters.htm
Animation_Basics.htm
Animations.htm
Animations_Animator.htm
Application.htm
Application_Preferences.htm
Audio.htm
Audio_Playback.htm
AudioBuffer.htm
AudioBufferReference_Class.htm
Background.htm
Basic.htm
Beginner_s_Guide.htm
Bitmap.htm
Bitmap_Basics.htm
Black_Jack.htm
Blackjack.htm
Build_Configurations.htm
Camera_Tutorial.htm
CG_Gallery.htm
Changing_your_Font.htm
Chapter.htm
Chapter_New.htm
Character.htm
Character_Expressions.htm
Characters.htm
Characters_Scripting_Guide.htm
Color.htm
Common_Events.htm
Common_Events_Guide.htm
Conditional_Choices.htm
Congratulations!_You_Finished_a_Game!.htm
Context_Menu.htm
Create_Game_Package.htm
Creating_a_Project.htm
Custom_Resource_Processor.htm
Customizing_your_Message_Box.htm
data_doc\index.html
Data_Getting_Started.htm
Database.htm
Display_a_Picture.htm
Domains.htm
Easing_Effects.htm
Editor.htm
End_User_License_Agreement.htm
engine_doc\index.html
Engine_Documentation.htm
Engine_Getting_Started.htm
Environment_Variables.htm
Evented_CG_Gallery.htm
Evented_Language_Menu_Screen.htm
Evented_Load_Screen.htm
Evented_Save_Screen.htm
Evented_Settings_Menu.htm
Evented_Title_Screen.htm
Example__Actions.htm
Example__Adding_a_new_database_category.htm
Example__Adding_a_new_scene_command.htm
Example__Animations.htm
Example__Custom_Layout_Behavior.htm
Example__Custom_Title-Screen.htm
Example__Data_Bindings.htm
Example__Formulas.htm
Example__Implementing_a_new_command_on_script-side.htm
Example__Movable_Character.htm
Example__Styles.htm
Example__Using_Components.htm
Example_Create_a_Language_Bundle.htm
Example_Create_an_Extension.htm
Expression_Importer.htm
Extension_Custom_Controls.htm
Extension_Manager.htm
External_Libraries.htm
External_Script_Editor.htm
For_Android.htm
For_iOS.htm
For_PC_Mac.htm
For_Web.htm
Game_Script_API_Reference.htm
game_script_doc\index.html
Game_Script_Documentation.htm
Game_Test.htm
GameScript_Getting_Started.htm
Getting_Started.htm
igui_doc\index.html
IGUI_Getting_Started.htm
Imagemap_Tutorial.htm
Importing_Resources.htm
In-Game_UI.htm
Including_Sections___Items.htm
Install_Uninstall_Scripts.htm
Language_Configuration.htm
Learning_about_Conditional_Branches.htm
Learning_about_Switches.htm
Let_s_Make_a_Dating_Sim!.htm
List.htm
Live2D.htm
Live2D_Support.htm
Making_your_first_scene.htm
Mass_Edit.htm
Message.htm
Mini_Games.htm
Movie.htm
Music___Sounds.htm
Narrative_Presentation.htm
New_Topic.htm
New_Topic1.htm
Notes.htm
Object_Component_System.htm
Objective-J_API.htm
Parallax_Scrolling.htm
Picture.htm
plugin_doc\index.html
Plugin_Getting_Started.htm
Preparing_a_Plot_Outline.htm
Preparing_a_Script.htm
Project_Preferences.htm
Registered_Trademarks.htm
Resource_Management.htm
Resource_Manager.htm
Resource_Standards.htm
Run_Configurations.htm
Save_System.htm
Scene.htm
Scene_Content.htm
Scene_Content_Commands.htm
Scene_Editor.htm
Scene_Properties.htm
SceneCommand.htm
Screen.htm
Script_Agents.htm
Scripter_s_Guide.htm
Section_Extensions.htm
Setup_your_test_bed.htm
Sprites.htm
Staff_Credits.htm
StAR_End_User_License_Agreement.htm
Switch_to_Layout_Reference_List.htm
System.htm
System_Command.htm
Templates.htm
Text.htm
The_Menu_Bar.htm
The_Toolbar.htm
The_Visual_Novel_Maker_Way.htm
Tilemaps.htm
Tips_and_Tricks.htm
Topic_Fixer.htm
Transitions_and_Change_Scene.htm
Understanding_Choices_and_Labels.htm
Understanding_Predefined_Objects.htm
Understanding_Predefined_Position.htm
Update_History.htm
Videos.htm
Viewports.htm
Visual_Novel_Maker.htm
Ways_to_display_Character_Expressions.htm
Weather_Effects.htm
game_script_doc\api.js
engine_doc\api.js
igui_doc\api.js
plugin_doc\api.js
data_doc\api.js
data_doc\assets\js\apidocs.js
data_doc\assets\js\api-filter.js
data_doc\assets\js\api-list.js
data_doc\assets\js\api-search.js
data_doc\assets\js\yui-prettify.js
data_doc\assets\vendor\prettify\prettify-min.js
engine_doc\assets\js\apidocs.js
engine_doc\assets\js\api-filter.js
engine_doc\assets\js\api-list.js
engine_doc\assets\js\api-search.js
engine_doc\assets\js\yui-prettify.js
engine_doc\assets\vendor\prettify\prettify-min.js
template\Space_Gray\FontAwesome.otf
template\Space_Gray\fontawesome-webfont.eot
template\Space_Gray\fontawesome-webfont.svg
template\Space_Gray\fontawesome-webfont.ttf
template\Space_Gray\fontawesome-webfont.woff
template\Space_Gray\fontawesome-webfont.woff2
game_script_doc\assets\js\apidocs.js
game_script_doc\assets\js\api-filter.js
game_script_doc\assets\js\api-list.js
game_script_doc\assets\js\api-search.js
game_script_doc\assets\js\yui-prettify.js
game_script_doc\assets\vendor\prettify\prettify-min.js
highlight\highlight.pack.js
igui_doc\assets\js\apidocs.js
igui_doc\assets\js\api-filter.js
igui_doc\assets\js\api-list.js
igui_doc\assets\js\api-search.js
igui_doc\assets\js\yui-prettify.js
igui_doc\assets\vendor\prettify\prettify-min.js
plugin_doc\assets\js\apidocs.js
plugin_doc\assets\js\api-filter.js
plugin_doc\assets\js\api-list.js
plugin_doc\assets\js\api-search.js
plugin_doc\assets\js\yui-prettify.js
plugin_doc\assets\vendor\prettify\prettify-min.js
template\Charcoal_Grey\usersettings.js
template\Azure_Blue\usersettings.js
template\Space_Gray\usersettings.js
index.glo
default.css
template\Charcoal_Grey\layout-rtl.css
template\Charcoal_Grey\layout.css
template\Space_Gray\layout.css
template\Space_Gray\font-awesome.min.css
template\Azure_Blue\layout-rtl.css
template\Azure_Blue\layout.css
game_script_doc\assets\vendor\prettify\prettify-min.css
game_script_doc\assets\css\main.css
engine_doc\assets\vendor\prettify\prettify-min.css
engine_doc\assets\css\main.css
igui_doc\assets\vendor\prettify\prettify-min.css
igui_doc\assets\css\main.css
plugin_doc\assets\vendor\prettify\prettify-min.css
plugin_doc\assets\css\main.css
data_doc\assets\vendor\prettify\prettify-min.css
data_doc\assets\css\main.css
highlight\styles\default.css
template\Desktop_Wissen\Layout.css
template\Android_Tablet_Layout\mobile.css
LivePreview.png
VariableDomain.png
template\Android_Tablet_Layout\BSBack.png
template\Desktop_Wissen\Print.png
template\Desktop_Wissen\BSNext.png
template\Desktop_Wissen\BSBack.png
template\Desktop_Wissen\TOCTreePage.png
template\Desktop_Wissen\Search.png
template\Desktop_Wissen\searchNext.png
template\Desktop_Wissen\sidebar_bg.png
web-start-screen.png
CommandSearch.png
topcenterbottomaceimage.jpg
2017-01-30_4-47-36.jpg
2017-01-30_0-45-35.jpg
2017-01-30_0-43-16.jpg
EnvVar.png
EnvVars.png
RunPhase.png
InstallResources.png
engine_doc\assets\img\spinner.gif
template\Azure_Blue\previous_active.png
template\Azure_Blue\filter_tab.png
template\Azure_Blue\next_tab_active.png
template\Azure_Blue\glossary_mobile.png
template\Azure_Blue\social_open.png
template\Azure_Blue\toc_book_open_desktop.png
template\Charcoal_Grey\filter_desktop_applied.png
template\Charcoal_Grey\andsearch_mark.png
template\Charcoal_Grey\filter_mobile_applied_active.png
template\Charcoal_Grey\andsearch_nomark.png
icon_database_expressions.png
locked-padlock.png
icon_copy.png
easequadin.png
linear.png
template\Android_Tablet_Layout\Search.png
template\Desktop_Wissen\searchNextHover.png
NarrativePresentationMetis_COMIC_SMALL.png
AndroidDeployment.png
iOSDeploy.png
MetisNotes_NoProgrammingForce.png
BranchingStoryPath-6.jpg
BranchingStoryPath-5.jpg
BranchingStoryPath-4.jpg
BranchingStoryPath-3.jpg
BranchingStoryPath-2.jpg
BranchingStoryPath-1.jpg
DayNightCE_Code.png
icon_play.png
2017-01-30_5-25-23.jpg
2017-01-30_5-23-31.jpg
2017-01-30_5-21-00.jpg
2017-01-30_0-27-13.jpg
Build_Phase.png
Keyboard_White_Arrow_Right.png
ExtensionEditor.PNG
ExtensionComposer.png
template\Azure_Blue\next.png
template\Azure_Blue\toc_desktop.png
template\Azure_Blue\menu.png
template\Azure_Blue\toc_book_open_mobile.png
template\Azure_Blue\logo.png
template\Space_Gray\logo.png
template\Charcoal_Grey\filter_nomark_radio.png
icon_resource_manager.png
icon_project_edit.png
states.png
icon_properties.png
Keyboard_White_Mouse_Right.png
EaseIn-New.gif
linearnew.gif
EasingsNew.gif
template\Android_Tablet_Layout\TOCNodeCloseBook.png
template\Android_Tablet_Layout\icon_glossary_hover.png
template\Desktop_Wissen\TOCTreeCloseBookHover.png
template\Desktop_Wissen\searchPrevHover.png
template\Desktop_Wissen\searchPrev.png
Live2DExample.png
ui_back.png
Metisnotes13_en.png
Metisnotes12_en.png
Metisnotes11_en.png
SceneCmd.png
AudioCmd.png
CharaCmd.png
BGCmd.png
BasicCmd.png
$Naia.gif
Keyboard_White_Enter_Alt.png
Keyboard_White_Arrow_Down.png
Keyboard_White_Space.png
template\Azure_Blue\social_close_ltr.png
template\Azure_Blue\filter_desktop.png
template\Azure_Blue\filter_tab_applied.png
template\Azure_Blue\filter_mark_radio.png
template\Azure_Blue\toc_topic_mobile.png
template\Charcoal_Grey\filter_tab_applied.png
template\Charcoal_Grey\glossary_tab.png
template\Charcoal_Grey\filter_tab_applied_active.png
arrow.png
logo2.png
icon_database_characters.png
circ4.png
circ3.png
circ2.png
circ1.png
autoerase.jpg
Keyboard_White_Shift.png
padlock.png
icon_cut.png
template\Android_Tablet_Layout\btn_index.png
GraphicalEditor.png
03_Foreground.png
image84.gif
image81.gif
image80.gif
SwitchGIF.gif
LoadGame_ScriptGuide.png
SaveGame_ScriptGuide.png
4FramesNaia-Helpfile.png
image8.gif
template\Azure_Blue\index_desktop.png
template\Azure_Blue\index_tab.png
template\Azure_Blue\search_mobile.png
template\Azure_Blue\toc_book_closed_mobile.png
template\Azure_Blue\search_desktop.png
template\Charcoal_Grey\next.png
template\Charcoal_Grey\index_desktop.png
template\Charcoal_Grey\next_tab.png
template\Charcoal_Grey\filter_nomark.png
template\Charcoal_Grey\filter_clearall.png
charactervague255.png
charactervague0.png
characterdynamicmask.gif
EaseInOut.gif
template\Android_Tablet_Layout\icon_contact_hover.png
template\Android_Tablet_Layout\icon_glossary.png
DataRecordSelection.png
BlackJack.png
ScreenCmd.png
BranchingStoryPath-Breakdown.jpg
CE_ExampleCode_2_2.PNG
BustTutorial.jpg
resourcemanager-win2.jpg
CreateGamePackage.png
RunConfig.png
Keyboard_White_Esc.png
igui_doc\assets\img\spinner.gif
template\Azure_Blue\slider_open_ltr.png
template\Azure_Blue\slider_open_rtl.png
template\Azure_Blue\glossary_tab.png
template\Azure_Blue\andsearch_nomark.png
template\Azure_Blue\next_mobile_active.png
template\Azure_Blue\toc_topic_desktop.png
template\Charcoal_Grey\filter_tab.png
template\Charcoal_Grey\glossary_mobile.png
template\Charcoal_Grey\glossary_mobile_active.png
template\Charcoal_Grey\toc_mobile_active.png
template\Charcoal_Grey\previous_mobile_active.png
template\Charcoal_Grey\toc_topic_mobile.png
template\Charcoal_Grey\search_desktop.png
Keyboard_White_Alt.png
Keyboard_White_Del.png
icon_help.png
icon_music_player.png
icon_database_view.png
icon_project.png
icon_database_system.png
maskmoviedynamic.gif
Keyboard_White_Tab.png
icon_flag_generic_new.png
template\Android_Tablet_Layout\bg01.png
LanguageProfile.png
EventedUILang_en.jpg
CameraTut-01.jpg
ParallaxScrolling-2.gif
ShowMoneyCode.pnb.PNG
BustTutorial-8.jpg
BustTutorial-7.jpg
BustTutorial-5.jpg
BustTutorial-4.jpg
BustTutorial-3.jpg
BustTutorial-2.jpg
2017-01-31_1-09-07.jpg
2017-01-30_6-00-32.jpg
2017-01-30_0-05-37.jpg
WindowFrame.png
Keyboard_White_Arrow_Up.png
plugin_doc\assets\img\spinner.gif
template\Azure_Blue\print_desktop.png
template\Azure_Blue\toc_book_open_drildown.png
template\Azure_Blue\filter_clearall.png
1.jpg
7.jpg
expressionimporter_6.jpg
expressionimporter_5.jpg
expressionimporter_4.jpg
expressionimporter_3.jpg
expressionimporter_2.jpg
expressionimporter_1.jpg
32.png
9.jpg
4.jpg
6.jpg
5.jpg
3.jpg
2.jpg
imagemap.gif
template\Android_Tablet_Layout\icon_about.png
template\Android_Tablet_Layout\icon_index.png
template\Desktop_Wissen\TOCTreeOpenBookHover.png
Metisnotes8_en.png
ImageMapHotspotTutorial_en.jpg
CallParameters.png
Metisnotes9_en.png
Metisnotes7_en.png
Metisnotes6_en.png
Metisnotes5_en.png
Metisnotes4_en.png
Metisnotes3_en.png
Metisnotes2_en.png
Metisnotes1_en.png
GameTestConfig.png
CardExtensionStructure.png
template\Azure_Blue\search_desktop_navigation.png
template\Azure_Blue\index_mobile.png
template\Azure_Blue\previous_mobile_active.png
template\Azure_Blue\social_close_rtl.png
template\Charcoal_Grey\glossary_desktop.png
template\Charcoal_Grey\toc_desktop.png
template\Charcoal_Grey\search_mobile.png
icon_extension_view.png
erasemovievague255.gif
buttons.png
template\Android_Tablet_Layout\TOCNodeOpenBook.png
NarrativePresentationMetis_Small.png
HotspotProps.png
icon_code_beanshell_new.png
image49.gif
image48.gif
image47.gif
image46.gif
image45.gif
image43.gif
image42.gif
image41.gif
image40.gif
RunConfigurations.png
image4.gif
data_doc\assets\css\logo.png
igui_doc\assets\css\logo.png
template\Azure_Blue\next_active.png
template\Azure_Blue\next_tab.png
template\Azure_Blue\next_mobile.png
template\Azure_Blue\filter_nomark_radio.png
template\Azure_Blue\filter_mark.png
icon_undo.png
maskmovie255.gif
Keyboard_White_Command.png
easequadout.png
Live2DViewer.png
template\Android_Tablet_Layout\TOCNodeLink.png
template\Android_Tablet_Layout\TOCNodePage.png
template\Android_Tablet_Layout\TOCNodeOpenBookHover.png
template\Android_Tablet_Layout\TOCNodeCloseBookSelected.png
template\Android_Tablet_Layout\TOCNodeCloseBookHover.png
template\Android_Tablet_Layout\searchNext.png
template\Android_Tablet_Layout\searchBack.png
template\Desktop_Wissen\TOCTreeLinkHover.png
template\Desktop_Wissen\TOCTreePageHover.png
template\Desktop_Wissen\TOCTreeOpenBook.png
template\Desktop_Wissen\TOCTreeCloseBookSelected.png
ProjectPreferences.png
SceneProps.png
CE_ParametersOne.png
CE_ParameterSetting.png
HideMoneyCode.png
image57.gif
image58.gif
image51.gif
image50.gif
ExpandedTileset.png
SaveGameFile_ScriptGuide.PNG
live2d_model.png
image5.gif
engine_doc\assets\css\logo.png
template\Azure_Blue\slider_ltr.png
template\Azure_Blue\back_mobile_ltr.png
template\Azure_Blue\top.png
template\Azure_Blue\slider_rtl.png
template\Azure_Blue\glossary_desktop.png
template\Azure_Blue\back_mobile_rtl.png
template\Charcoal_Grey\toc_book_closed_desktop_ltr.png
template\Charcoal_Grey\print_desktop.png
template\Charcoal_Grey\search_tab_active.png
template\Charcoal_Grey\filter_tab_active.png
template\Charcoal_Grey\search_mobile_active.png
template\Charcoal_Grey\back_mobile_filter.png
template\Charcoal_Grey\filter_mobile_applied.png
template\Charcoal_Grey\filter_mobile_active.png
template\Charcoal_Grey\next_mobile_active.png
template\Charcoal_Grey\filter_mark_radio.png
template\Charcoal_Grey\toc_book_open_mobile.png
template\Charcoal_Grey\toc_book_closed_desktop_rtl.png
expressionimporter.jpg
icon_package_new.png
icon_window_size_play.png
icon_cube_blue_new.png
icon_database_commonevents.png
icon_database_gallery.png
icon_project_new.png
maskmoviestatic.gif
icon_paste.png
InsertNewStringC.jpg
InsertNewStringB.jpg
InsertNewStringA.jpg
image61.gif
template\Android_Tablet_Layout\TOCNodePageSelected.png
template\Android_Tablet_Layout\btn_glossary.png
template\Desktop_Wissen\TOCTreeLink.png
template\Desktop_Wissen\TOCTreeOpenBookHoverSelected.png
image63.gif
image63.jpg
ParallaxScrolling_Forest.jpg
CE_CharacterParameters.PNG
image69.gif
SystemCmd.png
image66.gif
image65.gif
image62.gif
image6.gif
ExtensionManager.png
template\Azure_Blue\toc_mobile.png
template\Azure_Blue\toc_book_closed_desktop.png
template\Charcoal_Grey\slider_open_ltr.png
template\Charcoal_Grey\slider_open_rtl.png
template\Charcoal_Grey\back_to_topic.png
template\Charcoal_Grey\social_open.png
erasemovievague0.gif
imagemap-a.jpg
croppic.jpg
CreateExtensionForSharing.png
template\Android_Tablet_Layout\icon_contact.png
template\Android_Tablet_Layout\icon_contents.png
template\Desktop_Wissen\TOCTreeCloseBook.png
wtd_language_idle.png
wtd_language_idle.jpg
BranchingStoryPath-Breakdown2.jpg
image77.gif
image79.gif
image76.gif
image75.gif
image74.gif
image73.gif
FirstScene-1.jpg
BustTutorial-015.jpg
BustTutorial-013.jpg
BustTutorial-012.jpg
BustTutorial-011.jpg
BustTutorial-010.jpg
InGameScrollBar.PNG
Build_Configurations.png
Keyboard_White_Arrow_Left.png
game_script_doc\assets\css\logo.png
template\Azure_Blue\previous_mobile.png
template\Azure_Blue\search_mobile_navigation.png
template\Charcoal_Grey\toc_link_desktop_ltr.png
template\Charcoal_Grey\toc_link_mobile_ltr.png
template\Charcoal_Grey\next_active.png
template\Charcoal_Grey\previous_active.png
template\Charcoal_Grey\toc_tab.png
template\Charcoal_Grey\glossary_tab_active.png
template\Charcoal_Grey\toc_tab_active.png
template\Charcoal_Grey\previous_tab_active.png
template\Charcoal_Grey\next_mobile.png
template\Charcoal_Grey\toc_link_mobile_rtl.png
characterexpression.jpg
icon_book.png
icon_clear.png
icon_map_view.png
template\Android_Tablet_Layout\right_arrow_W.png
The_Three_Act_Structure.png
2017-02-20_8-19-55.jpg
SCRIPTEDITOR-2.jpg
ScreenExplain2.png
TilemapExample.png
ScreenExplain.png
PredefinedObjectPosition.jpg
2017-01-31_8-32-56.jpg
2017-01-30_8-39-36.jpg
2017-01-30_5-56-02.jpg
2017-01-30_5-56-46.jpg
2017-01-30_5-18-49.jpg
2017-01-30_4-59-01.jpg
2017-01-30_4-54-24.jpg
2017-01-30_4-52-06.jpg
2017-01-30_4-39-10.jpg
2017-01-30_0-11-07.jpg
2017-01-30_0-10-00.jpg
plugin_doc\assets\css\logo.png
game_script_doc\assets\img\spinner.gif
template\Azure_Blue\search_mobile_active.png
template\Azure_Blue\back_mobile_filter.png
template\Azure_Blue\filter_mobile.png
template\Azure_Blue\filter_nomark.png
template\Azure_Blue\idx_topic.png
template\Charcoal_Grey\social_close_ltr.png
template\Charcoal_Grey\index_tab_active.png
template\Charcoal_Grey\filter_mobile.png
template\Charcoal_Grey\social_close_rtl.png
template\Charcoal_Grey\toc_topic_desktop.png
20.jpg
19.jpg
16.jpg
vague0.png
dynamicmask.gif
icon_code_edit.png
12.jpg
13.jpg
18.jpg
22.jpg
21.jpg
14.jpg
11.jpg
15.jpg
vague0.gif
easequadinout.png
template\Android_Tablet_Layout\TocNodeUp.png
template\Android_Tablet_Layout\icon_contents_hover.png
MetisNotes_ScriptCall.png
2017-02-01_22-15-17.jpg
CE_DayNight.png
weather-rainstorm.jpg
ScriptEditor.jpg
2017-02-01_22-53-24.jpg
2017-02-01_22-44-11.jpg
2017-02-01_22-21-17.jpg
2017-02-01_22-12-57.jpg
PicCmd.png
2017-01-30_16-54-04.jpg
2017-01-30_16-25-40.jpg
2017-01-30_16-14-35.jpg
2017-01-30_14-33-57.jpg
2017-01-30_14-20-32.jpg
2017-01-30_13-58-33.jpg
2017-01-30_13-21-36.jpg
2017-01-30_13-10-13.jpg
2017-01-30_13-04-09.jpg
2017-01-30_12-52-44.jpg
2017-01-30_12-46-26.jpg
MsgCmd.png
2017-01-30_11-02-57.jpg
2017-01-30_10-50-01.jpg
2017-01-30_10-43-14.jpg
2017-01-30_10-34-36.jpg
2017-01-30_10-02-07.jpg
2017-01-26_18-53-22.jpg
2017-01-26_18-50-47.jpg
2017-01-26_18-27-51.jpg
2017-01-26_18-17-38.jpg
2017-01-26_18-12-16.jpg
WoodsTileset.png
ScriptEditor.PNG
data_doc\assets\img\spinner.gif
template\Azure_Blue\toc_link_desktop_ltr.png
template\Azure_Blue\toc_tab.png
template\Azure_Blue\previous_tab_active.png
template\Azure_Blue\toc_link_desktop_rtl.png
template\Charcoal_Grey\previous_tab.png
template\Charcoal_Grey\search_mobile_navigation.png
floppy_disk.png
Metis_Writing_small.png
EaseOut.gif
template\Android_Tablet_Layout\BSNext.png
template\Android_Tablet_Layout\btn_toc.png
template\Android_Tablet_Layout\btn_home.png
Inq_XP_MT_-_Dirt.png
image29.gif
image28.gif
image26.gif
InstallSections2.png
InstallSections.png
template\Charcoal_Grey\slider_ltr.png
template\Charcoal_Grey\toc_book_closed_mobile_ltr.png
template\Charcoal_Grey\top.png
template\Charcoal_Grey\slider_rtl.png
template\Charcoal_Grey\filter_desktop.png
template\Charcoal_Grey\search_tab.png
template\Charcoal_Grey\index_mobile.png
template\Charcoal_Grey\filter_mark.png
template\Charcoal_Grey\logo.png
template\Charcoal_Grey\toc_book_closed_mobile_rtl.png
Keyboard_White_Ctrl.png
vague255.png
icon_folder_closed.png
icon_database_animations.png
maskmovie0.gif
vague255.gif
characterstaticmask.jpg
path.jpg
icon_flag_generic_edit.png
SceneEditor.png
DatabaseRecords.png
NumberDomain.png
template\Android_Tablet_Layout\TOCNodeLinkHover.png
template\Android_Tablet_Layout\TOCNodePageHover.png
template\Android_Tablet_Layout\TOCNodeOpenBookSelected.png
ImageMapTut6.jpg
ImageMapTut5.jpg
ImageMapTut4.jpg
ImageMapTut3.jpg
ImageMapTut2.jpg
ImageMapTut1.jpg
CE_Parameterized.png
CreateTwoCE.PNG
icon_folder_closed_new.png
AnchorPoints.png
Metisnotes010_en.png
image38.gif
image37.gif
image35.gif
image34.gif
image33.gif
4FramesNaia.png
image31.gif
image30.gif
AppPrefGeneral.png
Build_Configuration.png
template\Azure_Blue\toc_link_mobile_ltr.png
template\Azure_Blue\andsearch_mark.png
template\Azure_Blue\toc_link_mobile_rtl.png
template\Charcoal_Grey\previous.png
template\Charcoal_Grey\toc_mobile.png
static_mask.jpg
pictureerase.gif
command-expander-arrow.png
willow.jpg
languageconfig.jpg
template\Android_Tablet_Layout\TOCNodeLinkSelected.png
template\Desktop_Wissen\TOCTreeLinkSelected.png
template\Desktop_Wissen\TOCTreePageSelected.png
ParallaxScrolling.gif
CE_ExampleCode_2.PNG
CE_ExampleCode_1.PNG
atmosphere-sparkle.jpg
BranchingStoryPath.jpg
4FramesNaia-Helpfile_Select.png
template\Azure_Blue\previous.png
template\Azure_Blue\filter_desktop_applied.png
template\Azure_Blue\previous_tab.png
template\Azure_Blue\filter_mobile_applied.png
template\Azure_Blue\loading.gif
template\Charcoal_Grey\search_desktop_active.png
template\Charcoal_Grey\search_desktop_navigation.png
template\Charcoal_Grey\previous_mobile.png
template\Charcoal_Grey\toc_book_open_desktop.png
template\Charcoal_Grey\toc_book_open_drildown.png
icon_window_play.png
icon_language_view.png
screenvague3.jpg
screenvague1.jpg
ANIMATIONSHEET.jpg
icon_delete.png
template\Android_Tablet_Layout\icon_about_hover.png
template\Android_Tablet_Layout\icon_index_hover.png
template\Desktop_Wissen\home_default.png
title_selected.jpg
02_MiddlegroundB.jpg
02_Middleground.png
01_Background.png
CE_Parameters.png
template\Azure_Blue\search_desktop_active.png
template\Azure_Blue\search_tab.png
template\Charcoal_Grey\index_tab.png
template\Charcoal_Grey\next_tab_active.png
template\Charcoal_Grey\search_mobile_navigation_active.png
template\Charcoal_Grey\index_mobile_active.png
template\Charcoal_Grey\idx_topic.png
template\Charcoal_Grey\toc_link_desktop_rtl.png
template\Charcoal_Grey\loading.gif
showpicturemask.gif
icon_paste_overwrite.png
icon_cube_blue.png
SparklingSenpaiMute.mp4
CameraTutorial.mp4
CameraTutorialSimple.mp4
bandicam_2017-02-14_23-48-33-331.mp4
ImageMapHotspotTutorial2.mp4
ImageMapHotspotTutorial.mp4
RoboHHRE.lng
index.ppf
objj_doc\html\index.html
LibraryLicenses.html
ehlpdhtm.js
index.htm
SearchOptions.xml
whxdata\toc1.js
whxdata\toc1.new.js
whxdata\toc3.js
whxdata\toc3.new.js
whxdata\toc4.js
whxdata\toc4.new.js
whxdata\toc6.js
whxdata\toc6.new.js
whxdata\toc5.js
whxdata\toc5.new.js
whxdata\toc7.js
whxdata\toc7.new.js
whxdata\toc8.js
whxdata\toc8.new.js
whxdata\toc2.js
whxdata\toc2.new.js
whxdata\toc10.js
whxdata\toc10.new.js
whxdata\toc12.js
whxdata\toc12.new.js
whxdata\toc13.js
whxdata\toc13.new.js
whxdata\toc14.js
whxdata\toc14.new.js
whxdata\toc15.js
whxdata\toc15.new.js
whxdata\toc16.js
whxdata\toc16.new.js
whxdata\toc17.js
whxdata\toc17.new.js
whxdata\toc11.js
whxdata\toc11.new.js
whxdata\toc9.js
whxdata\toc9.new.js
whxdata\toc19.js
whxdata\toc19.new.js
whxdata\toc20.js
whxdata\toc20.new.js
whxdata\toc18.js
whxdata\toc18.new.js
whxdata\toc22.js
whxdata\toc22.new.js
whxdata\toc25.js
whxdata\toc25.new.js
whxdata\toc24.js
whxdata\toc24.new.js
whxdata\toc23.js
whxdata\toc23.new.js
whxdata\toc27.js
whxdata\toc27.new.js
whxdata\toc26.js
whxdata\toc26.new.js
whxdata\toc28.js
whxdata\toc28.new.js
whxdata\toc29.js
whxdata\toc29.new.js
whxdata\toc21.js
whxdata\toc21.new.js
whxdata\toc30.js
whxdata\toc30.new.js
whxdata\toc.js
whxdata\toc.new.js
whxdata\idx.js
whxdata\idx.new.js
whxdata\glo.js
whxdata\glo.new.js
whxdata\package_0_xml.js
whxdata\package_1_xml.js
whxdata\package_2_xml.js
whxdata\package_3_xml.js
whxdata\package_4_xml.js
whxdata\package_5_xml.js
whxdata\package_6_xml.js
whxdata\package_7_xml.js
whxdata\package_8_xml.js
whxdata\package_9_xml.js
whxdata\package_10_xml.js
whxdata\package_11_xml.js
whxdata\package_12_xml.js
whxdata\package_13_xml.js
whxdata\package_14_xml.js
whxdata\package_15_xml.js
whxdata\package_16_xml.js
whxdata\package_17_xml.js
whxdata\package_18_xml.js
whxdata\package_19_xml.js
whxdata\package_20_xml.js
whxdata\package_21_xml.js
whxdata\package_22_xml.js
whxdata\package_23_xml.js
whxdata\package_24_xml.js
whxdata\package_25_xml.js
whxdata\package_26_xml.js
whxdata\package_27_xml.js
whxdata\package_28_xml.js
whxdata\package_29_xml.js
whxdata\package_30_xml.js
whxdata\package_31_xml.js
whxdata\package_32_xml.js
whxdata\package_33_xml.js
whxdata\package_34_xml.js
whxdata\package_35_xml.js
whxdata\package_36_xml.js
whxdata\package_37_xml.js
whxdata\package_38_xml.js
whxdata\package_39_xml.js
whxdata\package_40_xml.js
whxdata\package_41_xml.js
whxdata\package_42_xml.js
whxdata\package_43_xml.js
whxdata\package_44_xml.js
whxdata\package_45_xml.js
whxdata\package_46_xml.js
whxdata\package_47_xml.js
whxdata\package_48_xml.js
whxdata\package_49_xml.js
whxdata\package_50_xml.js
whxdata\package_51_xml.js
whxdata\package_52_xml.js
whxdata\package_53_xml.js
whxdata\package_54_xml.js
whxdata\package_55_xml.js
whxdata\package_56_xml.js
whxdata\package_57_xml.js
whxdata\package_58_xml.js
whxdata\package_59_xml.js
whxdata\package_60_xml.js
whxdata\package_61_xml.js
whxdata\package_62_xml.js
whxdata\package_63_xml.js
whxdata\package_64_xml.js
whxdata\package_65_xml.js
whxdata\package_66_xml.js
whxdata\package_67_xml.js
whxdata\package_68_xml.js
whxdata\package_69_xml.js
whxdata\package_70_xml.js
whxdata\package_71_xml.js
whxdata\package_72_xml.js
whxdata\package_73_xml.js
whxdata\package_74_xml.js
whxdata\package_75_xml.js
whxdata\package_76_xml.js
whxdata\package_77_xml.js
whxdata\package_78_xml.js
whxdata\package_79_xml.js
whxdata\package_80_xml.js
whxdata\package_81_xml.js
whxdata\package_82_xml.js
whxdata\package_83_xml.js
whxdata\package_84_xml.js
whxdata\package_85_xml.js
whxdata\package_86_xml.js
whxdata\package_87_xml.js
whxdata\package_88_xml.js
whxdata\package_89_xml.js
whxdata\package_90_xml.js
whxdata\package_91_xml.js
whxdata\package_92_xml.js
whxdata\package_93_xml.js
whxdata\package_94_xml.js
whxdata\package_95_xml.js
whxdata\package_96_xml.js
whxdata\package_97_xml.js
whxdata\package_98_xml.js
whxdata\package_99_xml.js
whxdata\package_100_xml.js
whxdata\package_101_xml.js
whxdata\package_102_xml.js
whxdata\package_103_xml.js
whxdata\package_104_xml.js
whxdata\package_105_xml.js
whxdata\package_106_xml.js
whxdata\package_107_xml.js
whxdata\package_108_xml.js
whxdata\package_109_xml.js
whxdata\package_110_xml.js
whxdata\package_111_xml.js
whxdata\package_112_xml.js
whxdata\package_113_xml.js
whxdata\package_114_xml.js
whxdata\package_115_xml.js
whxdata\package_116_xml.js
whxdata\package_117_xml.js
whxdata\package_118_xml.js
whxdata\package_119_xml.js
whxdata\package_120_xml.js
whxdata\package_121_xml.js
whxdata\package_122_xml.js
whxdata\package_123_xml.js
whxdata\package_124_xml.js
whxdata\package_125_xml.js
whxdata\package_126_xml.js
whxdata\package_127_xml.js
whxdata\package_128_xml.js
whxdata\package_129_xml.js
whxdata\package_130_xml.js
whxdata\package_131_xml.js
whxdata\package_132_xml.js
whxdata\package_133_xml.js
whxdata\package_134_xml.js
whxdata\package_135_xml.js
whxdata\package_136_xml.js
whxdata\package_137_xml.js
whxdata\package_138_xml.js
whxdata\package_139_xml.js
whxdata\package_140_xml.js
whxdata\package_141_xml.js
whxdata\package_142_xml.js
whxdata\package_143_xml.js
whxdata\package_144_xml.js
whxdata\package_145_xml.js
whxdata\package_146_xml.js
whxdata\package_147_xml.js
whxdata\package_148_xml.js
whxdata\package_149_xml.js
whxdata\package_150_xml.js
whxdata\package_151_xml.js
whxdata\package_152_xml.js
whxdata\package_153_xml.js
whxdata\package_154_xml.js
whxdata\package_155_xml.js
whxdata\package_156_xml.js
whxdata\package_157_xml.js
whxdata\package_158_xml.js
whxdata\package_159_xml.js
whxdata\package_160_xml.js
whxdata\package_161_xml.js
whxdata\package_162_xml.js
whxdata\package_163_xml.js
whxdata\package_164_xml.js
whxdata\package_165_xml.js
whxdata\package_166_xml.js
whxdata\package_167_xml.js
whxdata\package_168_xml.js
whxdata\package_169_xml.js
whxdata\package_170_xml.js
whxdata\package_171_xml.js
whxdata\package_172_xml.js
whxdata\package_173_xml.js
whxdata\package_174_xml.js
whxdata\package_175_xml.js
whxdata\package_176_xml.js
whxdata\package_177_xml.js
whxdata\package_178_xml.js
whxdata\package_179_xml.js
whxdata\package_180_xml.js
whxdata\package_181_xml.js
whxdata\package_182_xml.js
whxdata\package_183_xml.js
whxdata\package_184_xml.js
whxdata\package_185_xml.js
whxdata\package_186_xml.js
whxdata\package_187_xml.js
whxdata\package_188_xml.js
whxdata\package_189_xml.js
whxdata\package_190_xml.js
whxdata\package_191_xml.js
whxdata\package_192_xml.js
whxdata\package_193_xml.js
whxdata\package_194_xml.js
whxdata\package_195_xml.js
whxdata\package_196_xml.js
whxdata\package_197_xml.js
whxdata\package_198_xml.js
whxdata\package_199_xml.js
whxdata\package_200_xml.js
whxdata\package_201_xml.js
whxdata\package_202_xml.js
whxdata\package_203_xml.js
whxdata\package_204_xml.js
whxdata\package_205_xml.js
whxdata\package_206_xml.js
whxdata\package_207_xml.js
whxdata\package_208_xml.js
whxdata\package_209_xml.js
whxdata\package_210_xml.js
whxdata\package_211_xml.js
whxdata\package_212_xml.js
whxdata\package_213_xml.js
whxdata\package_214_xml.js
whxdata\package_215_xml.js
whxdata\package_216_xml.js
whxdata\package_217_xml.js
whxdata\package_218_xml.js
whxdata\package_219_xml.js
whxdata\package_220_xml.js
whxdata\package_221_xml.js
whxdata\package_222_xml.js
whxdata\package_223_xml.js
whxdata\package_224_xml.js
whxdata\package_225_xml.js
whxdata\package_226_xml.js
whxdata\package_227_xml.js
whxdata\package_228_xml.js
whxdata\package_229_xml.js
whxdata\package_230_xml.js
whxdata\package_231_xml.js
whxdata\package_232_xml.js
whxdata\package_233_xml.js
whxdata\package_234_xml.js
whxdata\package_235_xml.js
whxdata\package_236_xml.js
whxdata\package_237_xml.js
whxdata\package_238_xml.js
whxdata\package_239_xml.js
whxdata\package_240_xml.js
whxdata\package_241_xml.js
whxdata\package_242_xml.js
whxdata\package_243_xml.js
whxdata\package_244_xml.js
whxdata\package_245_xml.js
whxdata\package_246_xml.js
whxdata\package_247_xml.js
whxdata\package_248_xml.js
whxdata\package_249_xml.js
whxdata\package_250_xml.js
whxdata\package_251_xml.js
whxdata\package_252_xml.js
whxdata\package_253_xml.js
whxdata\package_254_xml.js
whxdata\package_255_xml.js
whxdata\package_256_xml.js
whxdata\package_257_xml.js
whxdata\package_258_xml.js
whxdata\package_259_xml.js
whxdata\package_260_xml.js
whxdata\package_261_xml.js
whxdata\package_262_xml.js
whxdata\package_263_xml.js
whxdata\package_264_xml.js
whxdata\package_265_xml.js
whxdata\package_266_xml.js
whxdata\package_267_xml.js
whxdata\package_268_xml.js
whxdata\package_269_xml.js
whxdata\package_270_xml.js
whxdata\package_271_xml.js
whxdata\package_272_xml.js
whxdata\package_273_xml.js
whxdata\package_274_xml.js
whxdata\package_275_xml.js
whxdata\package_276_xml.js
whxdata\package_277_xml.js
whxdata\package_278_xml.js
whxdata\package_279_xml.js
whxdata\package_280_xml.js
whxdata\package_281_xml.js
whxdata\package_282_xml.js
whxdata\package_283_xml.js
whxdata\package_284_xml.js
whxdata\packageindex_xml.js
whxdata\synonym.xml
whxdata\synonym_xml.js
whxdata\topictable_0_xml.js
whxdata\topictable_1_xml.js
whxdata\topictable_2_xml.js
whxdata\topictable_3_xml.js
whxdata\topictableindex_xml.js
whxdata\whfts.xml
whxdata\whfts_xml.js
whxdata\csh.js
whxdata\window.js
projectdata.js
